Using pre-set license
Built from '2020.2/release' branch; Version is '2020.2.1f1 (270dd8c3da1c) revision 2559448'; Using compiler version '192528614'; Build Type 'Release'
OS: 'Windows 10  (10.0.0) 64bit' Language: 'ru' Physical Memory: 8043 MB
BatchMode: 1, IsHumanControllingUs: 0, StartBugReporterOnCrash: 0, Is64bit: 1, IsPro: 0

 COMMAND LINE ARGUMENTS:
C:\Program Files\Unity\Hub\Editor\2020.2.1f1\Editor\Unity.exe
-adb2
-batchMode
-noUpm
-name
AssetImportWorker0
-projectPath
D:/Unity_Projects/JOI
-logFile
Logs/AssetImportWorker0.log
-srvPort
49610
Successfully changed project path to: D:/Unity_Projects/JOI
D:/Unity_Projects/JOI
Using Asset Import Pipeline V2.
Refreshing native plugins compatible for Editor in 188.77 ms, found 1 plugins.
Preloading 0 native plugins for Editor in 0.00 ms.
Initialize engine version: 2020.2.1f1 (270dd8c3da1c)
[Subsystems] Discovering subsystems at path C:/Program Files/Unity/Hub/Editor/2020.2.1f1/Editor/Data/Resources/UnitySubsystems
[Subsystems] Discovering subsystems at path D:/Unity_Projects/JOI/Assets
GfxDevice: creating device client; threaded=0
Direct3D:
    Version:  Direct3D 11.0 [level 11.1]
    Renderer: NVIDIA GeForce MX230 (ID=0x1d11)
    Vendor:   
    VRAM:     1984 MB
    Driver:   27.21.14.6140
Initialize mono
Mono path[0] = 'C:/Program Files/Unity/Hub/Editor/2020.2.1f1/Editor/Data/Managed'
Mono path[1] = 'C:/Program Files/Unity/Hub/Editor/2020.2.1f1/Editor/Data/MonoBleedingEdge/lib/mono/unityjit'
Mono config path = 'C:/Program Files/Unity/Hub/Editor/2020.2.1f1/Editor/Data/MonoBleedingEdge/etc'
Using monoOptions --debugger-agent=transport=dt_socket,embedding=1,server=y,suspend=n,address=127.0.0.1:56008
Begin MonoManager ReloadAssembly
Registering precompiled unity dll's ...
Register platform support module: C:/Program Files/Unity/Hub/Editor/2020.2.1f1/Editor/Data/PlaybackEngines/WindowsStandaloneSupport/UnityEditor.WindowsStandalone.Extensions.dll
Registered in 0.003083 seconds.
Native extension for WindowsStandalone target not found
Refreshing native plugins compatible for Editor in 117.33 ms, found 1 plugins.
Preloading 0 native plugins for Editor in 0.00 ms.
Invoked RoslynAnalysisRunner static constructor.
RoslynAnalysisRunner will not be running.
RoslynAnalysisRunner has terminated.
Mono: successfully reloaded assembly
- Completed reload, in  6.830 seconds
Platform modules already initialized, skipping
Registering precompiled user dll's ...
Registered in 0.001411 seconds.
Begin MonoManager ReloadAssembly
Error: Could not load signature of Unity.Android.Logcat.AndroidLogcat:.ctor due to: Could not load file or assembly 'UnityEditor.Android.Extensions, Version=1.0.0.0, Culture=neutral, PublicKeyToken=null' or one of its dependencies. assembly:UnityEditor.Android.Extensions, Version=1.0.0.0, Culture=neutral, PublicKeyToken=null type:<unknown type> member:(null) signature:<none>
0x00007ff65dae8c8c (Unity) StackWalker::GetCurrentCallstack
0x00007ff65daf1069 (Unity) StackWalker::ShowCallstack
0x00007ff65efc564c (Unity) GetStacktrace
0x00007ff660084803 (Unity) DebugStringToFile
0x00007ff65d90f87b (Unity) ScanForAttributesAndInterfaceImplementations
0x00007ff65d922fba (Unity) MonoManager::EndReloadAssembly
0x00007ff65d92a339 (Unity) MonoManager::ReloadAssembly
0x00007ff65ecd43a1 (Unity) LoadDomainAndUserAssemblies
0x00007ff65ecd484e (Unity) LoadUserAssemblies
0x00007ff65e65d736 (Unity) Application::InitializeProject
0x00007ff65efd2be2 (Unity) WinMain
0x00007ff660e18fc6 (Unity) __scrt_common_main_seh
0x00007fff18e07034 (KERNEL32) BaseThreadInitThunk
0x00007fff19fdd0d1 (ntdll) RtlUserThreadStart

Unloading broken assembly Library/ScriptAssemblies/Unity.Mobile.AndroidLogcat.Editor.dll, this assembly can cause crashes in the runtime
0x00007ff65dae8c8c (Unity) StackWalker::GetCurrentCallstack
0x00007ff65daf1069 (Unity) StackWalker::ShowCallstack
0x00007ff65efc564c (Unity) GetStacktrace
0x00007ff660084803 (Unity) DebugStringToFile
0x00007ff65d92bf10 (Unity) MonoManager::SetupLoadedEditorAssemblies
0x00007ff65d92330c (Unity) MonoManager::EndReloadAssembly
0x00007ff65d92a339 (Unity) MonoManager::ReloadAssembly
0x00007ff65ecd43a1 (Unity) LoadDomainAndUserAssemblies
0x00007ff65ecd484e (Unity) LoadUserAssemblies
0x00007ff65e65d736 (Unity) Application::InitializeProject
0x00007ff65efd2be2 (Unity) WinMain
0x00007ff660e18fc6 (Unity) __scrt_common_main_seh
0x00007fff18e07034 (KERNEL32) BaseThreadInitThunk
0x00007fff19fdd0d1 (ntdll) RtlUserThreadStart

Native extension for WindowsStandalone target not found
Refreshing native plugins compatible for Editor in 89.15 ms, found 1 plugins.
Preloading 0 native plugins for Editor in 0.00 ms.
Invoked RoslynAnalysisRunner static constructor.
RoslynAnalysisRunner will not be running.
RoslynAnalysisRunner has terminated.
Mono: successfully reloaded assembly
- Completed reload, in  3.183 seconds
Platform modules already initialized, skipping
========================================================================
Worker process is ready to serve import requests
Launched and connected shader compiler UnityShaderCompiler.exe after 0.06 seconds
Refreshing native plugins compatible for Editor in 0.91 ms, found 1 plugins.
Preloading 0 native plugins for Editor in 0.00 ms.
Unloading 1965 Unused Serialized files (Serialized files now loaded: 0)
System memory in use before: 90.5 MB.
System memory in use after: 90.6 MB.

Unloading 32 unused Assets to reduce memory usage. Loaded Objects now: 2396.
Total: 2.864500 ms (FindLiveObjects: 0.497500 ms CreateObjectMapping: 0.206600 ms MarkObjects: 2.086500 ms  DeleteObjects: 0.072300 ms)

========================================================================
Received Import Request.
  path: Assets/Scripts/PlayerController.cs
  artifactKey: Guid(5ea4dd2dec46f794dac8eea24944fab9) Importer(815301076,1909f56bfc062723c751e8b465ee728b)
Start importing Assets/Scripts/PlayerController.cs using Guid(5ea4dd2dec46f794dac8eea24944fab9) Importer(815301076,1909f56bfc062723c751e8b465ee728b)  -> (artifact id: 'bdbfef706399aafc9235db2184339703') in 0.036589 seconds
  Import took 0.044172 seconds .

========================================================================
Received Prepare
Refreshing native plugins compatible for Editor in 7.51 ms, found 1 plugins.
Preloading 0 native plugins for Editor in 0.00 ms.
Unloading 18 Unused Serialized files (Serialized files now loaded: 0)
System memory in use before: 51.0 MB.
System memory in use after: 51.1 MB.

Unloading 18 unused Assets to reduce memory usage. Loaded Objects now: 2396.
Total: 7.000400 ms (FindLiveObjects: 0.525700 ms CreateObjectMapping: 0.954000 ms MarkObjects: 5.475200 ms  DeleteObjects: 0.042300 ms)

========================================================================
Received Prepare
Registering precompiled user dll's ...
Registered in 0.002255 seconds.
Begin MonoManager ReloadAssembly
Error: Could not load signature of Unity.Android.Logcat.AndroidLogcat:.ctor due to: Could not load file or assembly 'UnityEditor.Android.Extensions, Version=1.0.0.0, Culture=neutral, PublicKeyToken=null' or one of its dependencies. assembly:UnityEditor.Android.Extensions, Version=1.0.0.0, Culture=neutral, PublicKeyToken=null type:<unknown type> member:(null) signature:<none>
0x00007ff65dae8c8c (Unity) StackWalker::GetCurrentCallstack
0x00007ff65daf1069 (Unity) StackWalker::ShowCallstack
0x00007ff65efc564c (Unity) GetStacktrace
0x00007ff660084803 (Unity) DebugStringToFile
0x00007ff65d90f87b (Unity) ScanForAttributesAndInterfaceImplementations
0x00007ff65d922fba (Unity) MonoManager::EndReloadAssembly
0x00007ff65d92a339 (Unity) MonoManager::ReloadAssembly
0x00007ff65ecd43a1 (Unity) LoadDomainAndUserAssemblies
0x00007ff65ecd484e (Unity) LoadUserAssemblies
0x00007ff65f0f7f88 (Unity) <lambda_7a4e346ad56c093be607e8c3dc54f69c>::operator()
0x00007ff65f1c20d2 (Unity) asio::detail::completion_handler<core::mutable_function<void __cdecl(void)> >::do_complete
0x00007ff65f1c4230 (Unity) asio::detail::win_iocp_io_service::do_one
0x00007ff65f1c79be (Unity) asio::io_service::run
0x00007ff65f13dd50 (Unity) RunAssetImportWorkerClientV2
0x00007ff65f13dda0 (Unity) RunAssetImporterV2
0x00007ff65e65d73b (Unity) Application::InitializeProject
0x00007ff65efd2be2 (Unity) WinMain
0x00007ff660e18fc6 (Unity) __scrt_common_main_seh
0x00007fff18e07034 (KERNEL32) BaseThreadInitThunk
0x00007fff19fdd0d1 (ntdll) RtlUserThreadStart

Unloading broken assembly Library/ScriptAssemblies/Unity.Mobile.AndroidLogcat.Editor.dll, this assembly can cause crashes in the runtime
0x00007ff65dae8c8c (Unity) StackWalker::GetCurrentCallstack
0x00007ff65daf1069 (Unity) StackWalker::ShowCallstack
0x00007ff65efc564c (Unity) GetStacktrace
0x00007ff660084803 (Unity) DebugStringToFile
0x00007ff65d92bf10 (Unity) MonoManager::SetupLoadedEditorAssemblies
0x00007ff65d92330c (Unity) MonoManager::EndReloadAssembly
0x00007ff65d92a339 (Unity) MonoManager::ReloadAssembly
0x00007ff65ecd43a1 (Unity) LoadDomainAndUserAssemblies
0x00007ff65ecd484e (Unity) LoadUserAssemblies
0x00007ff65f0f7f88 (Unity) <lambda_7a4e346ad56c093be607e8c3dc54f69c>::operator()
0x00007ff65f1c20d2 (Unity) asio::detail::completion_handler<core::mutable_function<void __cdecl(void)> >::do_complete
0x00007ff65f1c4230 (Unity) asio::detail::win_iocp_io_service::do_one
0x00007ff65f1c79be (Unity) asio::io_service::run
0x00007ff65f13dd50 (Unity) RunAssetImportWorkerClientV2
0x00007ff65f13dda0 (Unity) RunAssetImporterV2
0x00007ff65e65d73b (Unity) Application::InitializeProject
0x00007ff65efd2be2 (Unity) WinMain
0x00007ff660e18fc6 (Unity) __scrt_common_main_seh
0x00007fff18e07034 (KERNEL32) BaseThreadInitThunk
0x00007fff19fdd0d1 (ntdll) RtlUserThreadStart

Native extension for WindowsStandalone target not found
Refreshing native plugins compatible for Editor in 0.70 ms, found 1 plugins.
Preloading 0 native plugins for Editor in 0.00 ms.
Invoked RoslynAnalysisRunner static constructor.
RoslynAnalysisRunner will not be running.
RoslynAnalysisRunner has terminated.
Mono: successfully reloaded assembly
- Completed reload, in  1.276 seconds
Platform modules already initialized, skipping
Refreshing native plugins compatible for Editor in 1.05 ms, found 1 plugins.
Preloading 0 native plugins for Editor in 0.00 ms.
Unloading 1944 Unused Serialized files (Serialized files now loaded: 0)
System memory in use before: 89.2 MB.
System memory in use after: 89.3 MB.

Unloading 20 unused Assets to reduce memory usage. Loaded Objects now: 2399.
Total: 3.180500 ms (FindLiveObjects: 0.303800 ms CreateObjectMapping: 0.156000 ms MarkObjects: 2.669700 ms  DeleteObjects: 0.048100 ms)

========================================================================
Received Prepare
Refreshing native plugins compatible for Editor in 5.60 ms, found 1 plugins.
Preloading 0 native plugins for Editor in 0.00 ms.
Unloading 21 Unused Serialized files (Serialized files now loaded: 0)
System memory in use before: 51.5 MB.
System memory in use after: 51.6 MB.

Unloading 18 unused Assets to reduce memory usage. Loaded Objects now: 2399.
Total: 2.953400 ms (FindLiveObjects: 0.367900 ms CreateObjectMapping: 0.136100 ms MarkObjects: 2.422900 ms  DeleteObjects: 0.024100 ms)

========================================================================
Received Prepare
Registering precompiled user dll's ...
Registered in 0.002177 seconds.
Begin MonoManager ReloadAssembly
Error: Could not load signature of Unity.Android.Logcat.AndroidLogcat:.ctor due to: Could not load file or assembly 'UnityEditor.Android.Extensions, Version=1.0.0.0, Culture=neutral, PublicKeyToken=null' or one of its dependencies. assembly:UnityEditor.Android.Extensions, Version=1.0.0.0, Culture=neutral, PublicKeyToken=null type:<unknown type> member:(null) signature:<none>
0x00007ff65dae8c8c (Unity) StackWalker::GetCurrentCallstack
0x00007ff65daf1069 (Unity) StackWalker::ShowCallstack
0x00007ff65efc564c (Unity) GetStacktrace
0x00007ff660084803 (Unity) DebugStringToFile
0x00007ff65d90f87b (Unity) ScanForAttributesAndInterfaceImplementations
0x00007ff65d922fba (Unity) MonoManager::EndReloadAssembly
0x00007ff65d92a339 (Unity) MonoManager::ReloadAssembly
0x00007ff65ecd43a1 (Unity) LoadDomainAndUserAssemblies
0x00007ff65ecd484e (Unity) LoadUserAssemblies
0x00007ff65f0f7f88 (Unity) <lambda_7a4e346ad56c093be607e8c3dc54f69c>::operator()
0x00007ff65f1c20d2 (Unity) asio::detail::completion_handler<core::mutable_function<void __cdecl(void)> >::do_complete
0x00007ff65f1c4230 (Unity) asio::detail::win_iocp_io_service::do_one
0x00007ff65f1c79be (Unity) asio::io_service::run
0x00007ff65f13dd50 (Unity) RunAssetImportWorkerClientV2
0x00007ff65f13dda0 (Unity) RunAssetImporterV2
0x00007ff65e65d73b (Unity) Application::InitializeProject
0x00007ff65efd2be2 (Unity) WinMain
0x00007ff660e18fc6 (Unity) __scrt_common_main_seh
0x00007fff18e07034 (KERNEL32) BaseThreadInitThunk
0x00007fff19fdd0d1 (ntdll) RtlUserThreadStart

Unloading broken assembly Library/ScriptAssemblies/Unity.Mobile.AndroidLogcat.Editor.dll, this assembly can cause crashes in the runtime
0x00007ff65dae8c8c (Unity) StackWalker::GetCurrentCallstack
0x00007ff65daf1069 (Unity) StackWalker::ShowCallstack
0x00007ff65efc564c (Unity) GetStacktrace
0x00007ff660084803 (Unity) DebugStringToFile
0x00007ff65d92bf10 (Unity) MonoManager::SetupLoadedEditorAssemblies
0x00007ff65d92330c (Unity) MonoManager::EndReloadAssembly
0x00007ff65d92a339 (Unity) MonoManager::ReloadAssembly
0x00007ff65ecd43a1 (Unity) LoadDomainAndUserAssemblies
0x00007ff65ecd484e (Unity) LoadUserAssemblies
0x00007ff65f0f7f88 (Unity) <lambda_7a4e346ad56c093be607e8c3dc54f69c>::operator()
0x00007ff65f1c20d2 (Unity) asio::detail::completion_handler<core::mutable_function<void __cdecl(void)> >::do_complete
0x00007ff65f1c4230 (Unity) asio::detail::win_iocp_io_service::do_one
0x00007ff65f1c79be (Unity) asio::io_service::run
0x00007ff65f13dd50 (Unity) RunAssetImportWorkerClientV2
0x00007ff65f13dda0 (Unity) RunAssetImporterV2
0x00007ff65e65d73b (Unity) Application::InitializeProject
0x00007ff65efd2be2 (Unity) WinMain
0x00007ff660e18fc6 (Unity) __scrt_common_main_seh
0x00007fff18e07034 (KERNEL32) BaseThreadInitThunk
0x00007fff19fdd0d1 (ntdll) RtlUserThreadStart

Native extension for WindowsStandalone target not found
Refreshing native plugins compatible for Editor in 0.93 ms, found 1 plugins.
Preloading 0 native plugins for Editor in 0.00 ms.
Invoked RoslynAnalysisRunner static constructor.
RoslynAnalysisRunner will not be running.
RoslynAnalysisRunner has terminated.
Mono: successfully reloaded assembly
- Completed reload, in  1.579 seconds
Platform modules already initialized, skipping
Refreshing native plugins compatible for Editor in 0.65 ms, found 1 plugins.
Preloading 0 native plugins for Editor in 0.00 ms.
Unloading 1944 Unused Serialized files (Serialized files now loaded: 0)
System memory in use before: 89.5 MB.
System memory in use after: 89.6 MB.

Unloading 20 unused Assets to reduce memory usage. Loaded Objects now: 2402.
Total: 4.427200 ms (FindLiveObjects: 0.316300 ms CreateObjectMapping: 0.180900 ms MarkObjects: 3.884700 ms  DeleteObjects: 0.042900 ms)

========================================================================
Received Import Request.
  Time since last request: 661.843137 seconds.
  path: Assets/Scenes/main.unity
  artifactKey: Guid(2cda990e2423bbf4892e6590ba056729) Importer(815301076,1909f56bfc062723c751e8b465ee728b)
Start importing Assets/Scenes/main.unity using Guid(2cda990e2423bbf4892e6590ba056729) Importer(815301076,1909f56bfc062723c751e8b465ee728b)  -> (artifact id: 'f21490750b0fbc4fceb32b51f521f869') in 0.015027 seconds
  Import took 0.022837 seconds .

========================================================================
Received Prepare
Refreshing native plugins compatible for Editor in 18.61 ms, found 1 plugins.
Preloading 0 native plugins for Editor in 0.00 ms.
Unloading 21 Unused Serialized files (Serialized files now loaded: 0)
System memory in use before: 51.8 MB.
System memory in use after: 51.9 MB.

Unloading 18 unused Assets to reduce memory usage. Loaded Objects now: 2402.
Total: 4.397500 ms (FindLiveObjects: 0.360700 ms CreateObjectMapping: 0.174200 ms MarkObjects: 3.767100 ms  DeleteObjects: 0.092600 ms)

========================================================================
Received Prepare
Registering precompiled user dll's ...
Registered in 0.009369 seconds.
Begin MonoManager ReloadAssembly
Error: Could not load signature of Unity.Android.Logcat.AndroidLogcat:.ctor due to: Could not load file or assembly 'UnityEditor.Android.Extensions, Version=1.0.0.0, Culture=neutral, PublicKeyToken=null' or one of its dependencies. assembly:UnityEditor.Android.Extensions, Version=1.0.0.0, Culture=neutral, PublicKeyToken=null type:<unknown type> member:(null) signature:<none>
0x00007ff65dae8c8c (Unity) StackWalker::GetCurrentCallstack
0x00007ff65daf1069 (Unity) StackWalker::ShowCallstack
0x00007ff65efc564c (Unity) GetStacktrace
0x00007ff660084803 (Unity) DebugStringToFile
0x00007ff65d90f87b (Unity) ScanForAttributesAndInterfaceImplementations
0x00007ff65d922fba (Unity) MonoManager::EndReloadAssembly
0x00007ff65d92a339 (Unity) MonoManager::ReloadAssembly
0x00007ff65ecd43a1 (Unity) LoadDomainAndUserAssemblies
0x00007ff65ecd484e (Unity) LoadUserAssemblies
0x00007ff65f0f7f88 (Unity) <lambda_7a4e346ad56c093be607e8c3dc54f69c>::operator()
0x00007ff65f1c20d2 (Unity) asio::detail::completion_handler<core::mutable_function<void __cdecl(void)> >::do_complete
0x00007ff65f1c4230 (Unity) asio::detail::win_iocp_io_service::do_one
0x00007ff65f1c79be (Unity) asio::io_service::run
0x00007ff65f13dd50 (Unity) RunAssetImportWorkerClientV2
0x00007ff65f13dda0 (Unity) RunAssetImporterV2
0x00007ff65e65d73b (Unity) Application::InitializeProject
0x00007ff65efd2be2 (Unity) WinMain
0x00007ff660e18fc6 (Unity) __scrt_common_main_seh
0x00007fff18e07034 (KERNEL32) BaseThreadInitThunk
0x00007fff19fdd0d1 (ntdll) RtlUserThreadStart

Unloading broken assembly Library/ScriptAssemblies/Unity.Mobile.AndroidLogcat.Editor.dll, this assembly can cause crashes in the runtime
0x00007ff65dae8c8c (Unity) StackWalker::GetCurrentCallstack
0x00007ff65daf1069 (Unity) StackWalker::ShowCallstack
0x00007ff65efc564c (Unity) GetStacktrace
0x00007ff660084803 (Unity) DebugStringToFile
0x00007ff65d92bf10 (Unity) MonoManager::SetupLoadedEditorAssemblies
0x00007ff65d92330c (Unity) MonoManager::EndReloadAssembly
0x00007ff65d92a339 (Unity) MonoManager::ReloadAssembly
0x00007ff65ecd43a1 (Unity) LoadDomainAndUserAssemblies
0x00007ff65ecd484e (Unity) LoadUserAssemblies
0x00007ff65f0f7f88 (Unity) <lambda_7a4e346ad56c093be607e8c3dc54f69c>::operator()
0x00007ff65f1c20d2 (Unity) asio::detail::completion_handler<core::mutable_function<void __cdecl(void)> >::do_complete
0x00007ff65f1c4230 (Unity) asio::detail::win_iocp_io_service::do_one
0x00007ff65f1c79be (Unity) asio::io_service::run
0x00007ff65f13dd50 (Unity) RunAssetImportWorkerClientV2
0x00007ff65f13dda0 (Unity) RunAssetImporterV2
0x00007ff65e65d73b (Unity) Application::InitializeProject
0x00007ff65efd2be2 (Unity) WinMain
0x00007ff660e18fc6 (Unity) __scrt_common_main_seh
0x00007fff18e07034 (KERNEL32) BaseThreadInitThunk
0x00007fff19fdd0d1 (ntdll) RtlUserThreadStart

Native extension for WindowsStandalone target not found
Refreshing native plugins compatible for Editor in 0.63 ms, found 1 plugins.
Preloading 0 native plugins for Editor in 0.00 ms.
Invoked RoslynAnalysisRunner static constructor.
RoslynAnalysisRunner will not be running.
RoslynAnalysisRunner has terminated.
Mono: successfully reloaded assembly
- Completed reload, in  1.619 seconds
Platform modules already initialized, skipping
Refreshing native plugins compatible for Editor in 0.61 ms, found 1 plugins.
Preloading 0 native plugins for Editor in 0.00 ms.
Unloading 1944 Unused Serialized files (Serialized files now loaded: 0)
System memory in use before: 89.9 MB.
System memory in use after: 90.0 MB.

Unloading 20 unused Assets to reduce memory usage. Loaded Objects now: 2405.
Total: 2.502800 ms (FindLiveObjects: 0.220600 ms CreateObjectMapping: 0.086700 ms MarkObjects: 2.170100 ms  DeleteObjects: 0.024000 ms)

AssetImportWorkerClient::OnTransportError - code=2 error=End of file
